<?xml version="1.0" encoding="UTF-8"?>
<testng-results skipped="0" failed="0" total="2" passed="2">
  <reporter-output>
  </reporter-output>
  <suite name="Default suite" duration-ms="20966" started-at="2015-11-18T03:45:01Z" finished-at="2015-11-18T03:45:22Z">
    <groups>
    </groups>
    <test name="Default test" duration-ms="20966" started-at="2015-11-18T03:45:01Z" finished-at="2015-11-18T03:45:22Z">
      <class name="DemoWebDriver">
        <test-method status="PASS" signature="openBrowser()[pri:0, instance:DemoWebDriver@14d13ef]" name="openBrowser" duration-ms="17310" started-at="2015-11-18T09:45:01Z" finished-at="2015-11-18T09:45:18Z">
          <reporter-output>
          </reporter-output>
        </test-method> <!-- openBrowser -->
        <test-method status="PASS" signature="logIn()[pri:0, instance:DemoWebDriver@14d13ef]" name="logIn" duration-ms="3622" started-at="2015-11-18T09:45:18Z" finished-at="2015-11-18T09:45:22Z">
          <reporter-output>
          </reporter-output>
        </test-method> <!-- logIn -->
      </class> <!-- DemoWebDriver -->
    </test> <!-- Default test -->
  </suite> <!-- Default suite -->
</testng-results>
